[debug] [2026-02-22T07:40:04.246Z] ----------------------------------------------------------------------
[debug] [2026-02-22T07:40:04.249Z] Command:       /opt/homebrew/Cellar/node/25.3.0/bin/node /opt/homebrew/bin/firebase deploy --only functions
[debug] [2026-02-22T07:40:04.249Z] CLI Version:   15.3.1
[debug] [2026-02-22T07:40:04.249Z] Platform:      darwin
[debug] [2026-02-22T07:40:04.249Z] Node Version:  v25.3.0
[debug] [2026-02-22T07:40:04.249Z] Time:          Sun Feb 22 2026 14:40:04 GMT+0700 (Indochina Time)
[debug] [2026-02-22T07:40:04.249Z] ----------------------------------------------------------------------
[debug] 
[debug] [2026-02-22T07:40:05.918Z] > command requires scopes: ["email","openid","https://www.googleapis.com/auth/cloudplatformprojects.readonly","https://www.googleapis.com/auth/firebase","https://www.googleapis.com/auth/cloud-platform"]
[debug] [2026-02-22T07:40:05.918Z] > authorizing via signed-in user (ainerv86@gmail.com)
[debug] [2026-02-22T07:40:05.918Z] [iam] checking project rn-learning-platform-4a0a9 for permissions ["cloudfunctions.functions.create","cloudfunctions.functions.delete","cloudfunctions.functions.get","cloudfunctions.functions.list","cloudfunctions.functions.update","cloudfunctions.operations.get","firebase.projects.get"]
[debug] [2026-02-22T07:40:05.919Z] Checked if tokens are valid: true, expires at: 1771747186245
[debug] [2026-02-22T07:40:05.919Z] Checked if tokens are valid: true, expires at: 1771747186245
[debug] [2026-02-22T07:40:05.919Z] >>> [apiv2][query] POST https://cloudresourcemanager.googleapis.com/v1/projects/rn-learning-platform-4a0a9:testIamPermissions [none]
[debug] [2026-02-22T07:40:05.919Z] >>> [apiv2][(partial)header] POST https://cloudresourcemanager.googleapis.com/v1/projects/rn-learning-platform-4a0a9:testIamPermissions x-goog-quota-user=projects/rn-learning-platform-4a0a9
[debug] [2026-02-22T07:40:05.919Z] >>> [apiv2][body] POST https://cloudresourcemanager.googleapis.com/v1/projects/rn-learning-platform-4a0a9:testIamPermissions {"permissions":["cloudfunctions.functions.create","cloudfunctions.functions.delete","cloudfunctions.functions.get","cloudfunctions.functions.list","cloudfunctions.functions.update","cloudfunctions.operations.get","firebase.projects.get"]}
[debug] [2026-02-22T07:40:07.112Z] <<< [apiv2][status] POST https://cloudresourcemanager.googleapis.com/v1/projects/rn-learning-platform-4a0a9:testIamPermissions 200
[debug] [2026-02-22T07:40:07.113Z] <<< [apiv2][body] POST https://cloudresourcemanager.googleapis.com/v1/projects/rn-learning-platform-4a0a9:testIamPermissions {"permissions":["cloudfunctions.functions.create","cloudfunctions.functions.delete","cloudfunctions.functions.get","cloudfunctions.functions.list","cloudfunctions.functions.update","cloudfunctions.operations.get","firebase.projects.get"]}
[debug] [2026-02-22T07:40:07.113Z] Checked if tokens are valid: true, expires at: 1771747186245
[debug] [2026-02-22T07:40:07.113Z] Checked if tokens are valid: true, expires at: 1771747186245
[debug] [2026-02-22T07:40:07.113Z] >>> [apiv2][query] POST https://iam.googleapis.com/v1/projects/rn-learning-platform-4a0a9/serviceAccounts/rn-learning-platform-4a0a9@appspot.gserviceaccount.com:testIamPermissions [none]
[debug] [2026-02-22T07:40:07.113Z] >>> [apiv2][body] POST https://iam.googleapis.com/v1/projects/rn-learning-platform-4a0a9/serviceAccounts/rn-learning-platform-4a0a9@appspot.gserviceaccount.com:testIamPermissions {"permissions":["iam.serviceAccounts.actAs"]}
[debug] [2026-02-22T07:40:08.599Z] <<< [apiv2][status] POST https://iam.googleapis.com/v1/projects/rn-learning-platform-4a0a9/serviceAccounts/rn-learning-platform-4a0a9@appspot.gserviceaccount.com:testIamPermissions 200
[debug] [2026-02-22T07:40:08.599Z] <<< [apiv2][body] POST https://iam.googleapis.com/v1/projects/rn-learning-platform-4a0a9/serviceAccounts/rn-learning-platform-4a0a9@appspot.gserviceaccount.com:testIamPermissions {"permissions":["iam.serviceAccounts.actAs"]}
[info] 
[info] === Deploying to 'rn-learning-platform-4a0a9'...
[info] 
[info] i  deploying functions 
[debug] [2026-02-22T07:40:08.602Z] Checked if tokens are valid: true, expires at: 1771747186245
[debug] [2026-02-22T07:40:08.602Z] Checked if tokens are valid: true, expires at: 1771747186245
[debug] [2026-02-22T07:40:08.602Z] >>> [apiv2][query] GET https://cloudresourcemanager.googleapis.com/v1/projects/rn-learning-platform-4a0a9 [none]
[debug] [2026-02-22T07:40:08.905Z] <<< [apiv2][status] GET https://cloudresourcemanager.googleapis.com/v1/projects/rn-learning-platform-4a0a9 200
[debug] [2026-02-22T07:40:08.905Z] <<< [apiv2][body] GET https://cloudresourcemanager.googleapis.com/v1/projects/rn-learning-platform-4a0a9 {"projectNumber":"922885288030","projectId":"rn-learning-platform-4a0a9","lifecycleState":"ACTIVE","name":"rn-learning-platform","labels":{"firebase":"enabled","firebase-core":"disabled"},"createTime":"2026-02-21T08:54:55.631966Z"}
[info] i  functions: preparing codebase default for deployment 
[info] i  functions: ensuring required API cloudfunctions.googleapis.com is enabled... 
[info] i  functions: ensuring required API cloudbuild.googleapis.com is enabled... 
[info] i  artifactregistry: ensuring required API artifactregistry.googleapis.com is enabled... 
[debug] [2026-02-22T07:40:08.908Z] Checked if tokens are valid: true, expires at: 1771747186245
[debug] [2026-02-22T07:40:08.908Z] Checked if tokens are valid: true, expires at: 1771747186245
[debug] [2026-02-22T07:40:08.908Z] >>> [apiv2][query] GET https://firebase.googleapis.com/v1beta1/projects/rn-learning-platform-4a0a9/adminSdkConfig [none]
[debug] [2026-02-22T07:40:09.521Z] <<< [apiv2][status] GET https://firebase.googleapis.com/v1beta1/projects/rn-learning-platform-4a0a9/adminSdkConfig 200
[debug] [2026-02-22T07:40:09.522Z] <<< [apiv2][body] GET https://firebase.googleapis.com/v1beta1/projects/rn-learning-platform-4a0a9/adminSdkConfig {"projectId":"rn-learning-platform-4a0a9","storageBucket":"rn-learning-platform-4a0a9.firebasestorage.app"}
[debug] [2026-02-22T07:40:09.522Z] Checked if tokens are valid: true, expires at: 1771747186245
[debug] [2026-02-22T07:40:09.522Z] Checked if tokens are valid: true, expires at: 1771747186245
[debug] [2026-02-22T07:40:09.522Z] >>> [apiv2][query] GET https://runtimeconfig.googleapis.com/v1beta1/projects/rn-learning-platform-4a0a9/configs [none]
[debug] [2026-02-22T07:40:10.059Z] <<< [apiv2][status] GET https://runtimeconfig.googleapis.com/v1beta1/projects/rn-learning-platform-4a0a9/configs 200
[debug] [2026-02-22T07:40:10.059Z] <<< [apiv2][body] GET https://runtimeconfig.googleapis.com/v1beta1/projects/rn-learning-platform-4a0a9/configs {}
[debug] [2026-02-22T07:40:10.062Z] Validating nodejs source
[warn] ⚠  functions: Runtime Node.js 20 will be deprecated on 2026-04-30 and will be decommissioned on 2026-10-30, after which you will not be able to deploy without upgrading. Consider upgrading now to avoid disruption. See https://cloud.google.com/functions/docs/runtime-support for full details on the lifecycle policy 
[warn] ⚠  functions: package.json indicates an outdated version of firebase-functions. Please upgrade using npm install --save firebase-functions@latest in your functions directory. 
[warn] ⚠  functions: Please note that there will be breaking changes when you upgrade. 
[debug] [2026-02-22T07:40:11.258Z] > [functions] package.json contents: {
  "name": "functions",
  "description": "Cloud Functions for Firebase",
  "scripts": {
    "serve": "firebase emulators:start --only functions",
    "shell": "firebase functions:shell",
    "start": "npm run shell",
    "deploy": "firebase deploy --only functions",
    "logs": "firebase functions:log"
  },
  "engines": {
    "node": "20"
  },
  "main": "index.js",
  "dependencies": {
    "firebase-admin": "^12.6.0",
    "firebase-functions": "^6.0.0"
  },
  "private": true
}
[debug] [2026-02-22T07:40:11.258Z] Building nodejs source
[info] i  functions: Loading and analyzing source code for codebase default to determine what to deploy 
[debug] [2026-02-22T07:40:11.259Z] Could not find functions.yaml. Must use http discovery
[debug] [2026-02-22T07:40:11.264Z] Found firebase-functions binary at '/Users/ainerv/react_native_projects/react-native-learning-platform/functions/node_modules/.bin/firebase-functions'
[info] Serving at port 8053

[debug] [2026-02-22T07:40:12.072Z] Got response from /__/functions.yaml {"endpoints":{"processPushNotificationQueue":{"platform":"gcfv1","availableMemoryMb":256,"timeoutSeconds":60,"minInstances":null,"maxInstances":1,"ingressSettings":null,"serviceAccountEmail":null,"vpc":null,"region":["asia-southeast1"],"eventTrigger":{"eventType":"providers/cloud.firestore/eventTypes/document.create","eventFilters":{"resource":"projects/rn-learning-platform-4a0a9/databases/(default)/documents/notification_queue/{docId}"},"retry":false},"labels":{},"entryPoint":"processPushNotificationQueue"}},"specVersion":"v1alpha1","requiredAPIs":[],"extensions":{}}
[info] i  extensions: ensuring required API firebaseextensions.googleapis.com is enabled... 
[debug] [2026-02-22T07:40:16.095Z] > command requires scopes: ["email","openid","https://www.googleapis.com/auth/cloudplatformprojects.readonly","https://www.googleapis.com/auth/firebase","https://www.googleapis.com/auth/cloud-platform"]
[debug] [2026-02-22T07:40:16.096Z] > authorizing via signed-in user (ainerv86@gmail.com)
[debug] [2026-02-22T07:40:16.096Z] [iam] checking project rn-learning-platform-4a0a9 for permissions ["firebase.projects.get","firebaseextensions.instances.list"]
[debug] [2026-02-22T07:40:16.096Z] Checked if tokens are valid: true, expires at: 1771747186245
[debug] [2026-02-22T07:40:16.096Z] Checked if tokens are valid: true, expires at: 1771747186245
[debug] [2026-02-22T07:40:16.096Z] >>> [apiv2][query] POST https://cloudresourcemanager.googleapis.com/v1/projects/rn-learning-platform-4a0a9:testIamPermissions [none]
[debug] [2026-02-22T07:40:16.096Z] >>> [apiv2][(partial)header] POST https://cloudresourcemanager.googleapis.com/v1/projects/rn-learning-platform-4a0a9:testIamPermissions x-goog-quota-user=projects/rn-learning-platform-4a0a9
[debug] [2026-02-22T07:40:16.096Z] >>> [apiv2][body] POST https://cloudresourcemanager.googleapis.com/v1/projects/rn-learning-platform-4a0a9:testIamPermissions {"permissions":["firebase.projects.get","firebaseextensions.instances.list"]}
[debug] [2026-02-22T07:40:17.262Z] <<< [apiv2][status] POST https://cloudresourcemanager.googleapis.com/v1/projects/rn-learning-platform-4a0a9:testIamPermissions 200
[debug] [2026-02-22T07:40:17.262Z] <<< [apiv2][body] POST https://cloudresourcemanager.googleapis.com/v1/projects/rn-learning-platform-4a0a9:testIamPermissions {"permissions":["firebase.projects.get","firebaseextensions.instances.list"]}
[debug] [2026-02-22T07:40:17.263Z] Checked if tokens are valid: true, expires at: 1771747186245
[debug] [2026-02-22T07:40:17.263Z] Checked if tokens are valid: true, expires at: 1771747186245
[debug] [2026-02-22T07:40:17.264Z] >>> [apiv2][query] GET https://firebaseextensions.googleapis.com/v1beta/projects/rn-learning-platform-4a0a9/instances pageSize=100&pageToken=
[debug] [2026-02-22T07:40:18.610Z] <<< [apiv2][status] GET https://firebaseextensions.googleapis.com/v1beta/projects/rn-learning-platform-4a0a9/instances 200
[debug] [2026-02-22T07:40:18.611Z] <<< [apiv2][body] GET https://firebaseextensions.googleapis.com/v1beta/projects/rn-learning-platform-4a0a9/instances {}
[info] i  functions: preparing functions directory for uploading... 
[info] i  functions: packaged /Users/ainerv/react_native_projects/react-native-learning-platform/functions (31.63 KB) for uploading 
[debug] [2026-02-22T07:40:18.646Z] Checked if tokens are valid: true, expires at: 1771747186245
[debug] [2026-02-22T07:40:18.646Z] Checked if tokens are valid: true, expires at: 1771747186245
[debug] [2026-02-22T07:40:18.646Z] >>> [apiv2][query] GET https://cloudfunctions.googleapis.com/v1/projects/rn-learning-platform-4a0a9/locations/-/functions [none]
[debug] [2026-02-22T07:40:19.386Z] <<< [apiv2][status] GET https://cloudfunctions.googleapis.com/v1/projects/rn-learning-platform-4a0a9/locations/-/functions 200
[debug] [2026-02-22T07:40:19.386Z] <<< [apiv2][body] GET https://cloudfunctions.googleapis.com/v1/projects/rn-learning-platform-4a0a9/locations/-/functions {}
[debug] [2026-02-22T07:40:19.386Z] Checked if tokens are valid: true, expires at: 1771747186245
[debug] [2026-02-22T07:40:19.387Z] Checked if tokens are valid: true, expires at: 1771747186245
[debug] [2026-02-22T07:40:19.387Z] >>> [apiv2][query] GET https://cloudfunctions.googleapis.com/v2/projects/rn-learning-platform-4a0a9/locations/-/functions filter=environment%3D%22GEN_2%22
[debug] [2026-02-22T07:40:20.960Z] <<< [apiv2][status] GET https://cloudfunctions.googleapis.com/v2/projects/rn-learning-platform-4a0a9/locations/-/functions 200
[debug] [2026-02-22T07:40:20.960Z] <<< [apiv2][body] GET https://cloudfunctions.googleapis.com/v2/projects/rn-learning-platform-4a0a9/locations/-/functions {}
[debug] [2026-02-22T07:40:20.964Z] Checked if tokens are valid: true, expires at: 1771747186245
[debug] [2026-02-22T07:40:20.964Z] Checked if tokens are valid: true, expires at: 1771747186245
[debug] [2026-02-22T07:40:20.964Z] >>> [apiv2][query] GET https://cloudresourcemanager.googleapis.com/v1/projects/rn-learning-platform-4a0a9 [none]
[debug] [2026-02-22T07:40:21.295Z] <<< [apiv2][status] GET https://cloudresourcemanager.googleapis.com/v1/projects/rn-learning-platform-4a0a9 200
[debug] [2026-02-22T07:40:21.295Z] <<< [apiv2][body] GET https://cloudresourcemanager.googleapis.com/v1/projects/rn-learning-platform-4a0a9 {"projectNumber":"922885288030","projectId":"rn-learning-platform-4a0a9","lifecycleState":"ACTIVE","name":"rn-learning-platform","labels":{"firebase":"enabled","firebase-core":"disabled"},"createTime":"2026-02-21T08:54:55.631966Z"}
[debug] [2026-02-22T07:40:21.295Z] Checked if tokens are valid: true, expires at: 1771747186245
[debug] [2026-02-22T07:40:21.295Z] Checked if tokens are valid: true, expires at: 1771747186245
[debug] [2026-02-22T07:40:21.295Z] >>> [apiv2][query] GET https://cloudbilling.googleapis.com/v1/projects/rn-learning-platform-4a0a9/billingInfo [none]
[debug] [2026-02-22T07:40:22.619Z] <<< [apiv2][status] GET https://cloudbilling.googleapis.com/v1/projects/rn-learning-platform-4a0a9/billingInfo 200
[debug] [2026-02-22T07:40:22.619Z] <<< [apiv2][body] GET https://cloudbilling.googleapis.com/v1/projects/rn-learning-platform-4a0a9/billingInfo {"name":"projects/rn-learning-platform-4a0a9/billingInfo","projectId":"rn-learning-platform-4a0a9","billingAccountName":"billingAccounts/015F65-2E750E-5FD4E5","billingEnabled":true}
[debug] [2026-02-22T07:40:22.621Z] Checked if tokens are valid: true, expires at: 1771747186245
[debug] [2026-02-22T07:40:22.621Z] Checked if tokens are valid: true, expires at: 1771747186245
[debug] [2026-02-22T07:40:22.622Z] >>> [apiv2][query] POST https://cloudfunctions.googleapis.com/v1/projects/rn-learning-platform-4a0a9/locations/asia-southeast1/functions:generateUploadUrl [none]
[debug] [2026-02-22T07:40:22.622Z] >>> [apiv2][body] POST https://cloudfunctions.googleapis.com/v1/projects/rn-learning-platform-4a0a9/locations/asia-southeast1/functions:generateUploadUrl {}
[debug] [2026-02-22T07:40:50.379Z] <<< [apiv2][status] POST https://cloudfunctions.googleapis.com/v1/projects/rn-learning-platform-4a0a9/locations/asia-southeast1/functions:generateUploadUrl 200
[debug] [2026-02-22T07:40:50.379Z] <<< [apiv2][body] POST https://cloudfunctions.googleapis.com/v1/projects/rn-learning-platform-4a0a9/locations/asia-southeast1/functions:generateUploadUrl {"uploadUrl":"https://storage.googleapis.com/uploads-545157360326.asia-southeast1.cloudfunctions.appspot.com/2df94903-82ca-45cf-a97e-fa3a5f3a45c1.zip?GoogleAccessId=service-922885288030@gcf-admin-robot.iam.gserviceaccount.com&Expires=1771747850&Signature=zXGYqNDPmzDuHKNAXxn62RVNwlMsUouRo%2FoB74y7bX4XseDaXagSIe9YU3TzklAJYofl4fYp3tayBg%2FIZUhIcvoUeA4NMOu869D3NIGFmXZy1YKLHL2lF2uGG71M%2F4iHwmIB4SM8zsKrHRrHmTfWYPsucHBz1SV5SoBiu9ieUla3L6w3vj0STyX1ptF7niXDelK9it0rubqJgHjrz3LLch2usJHeZcGQsfcd0sSwMdXXigwzJwA5fX1KHo78FKfBO2GZU2UXse%2B%2F6G%2Ft%2BQ2y08BHU5xD0znEZ8NGnG%2FdpfSfiHKV0QZTSzmyyGFh9WNxL%2FuMkm%2BAspBXSMV5FhpObQ%3D%3D"}
[debug] [2026-02-22T07:40:50.381Z] >>> [apiv2][query] PUT https://storage.googleapis.com/uploads-545157360326.asia-southeast1.cloudfunctions.appspot.com/2df94903-82ca-45cf-a97e-fa3a5f3a45c1.zip GoogleAccessId=service-922885288030%40gcf-admin-robot.iam.gserviceaccount.com&Expires=1771747850&Signature=zXGYqNDPmzDuHKNAXxn62RVNwlMsUouRo%2FoB74y7bX4XseDaXagSIe9YU3TzklAJYofl4fYp3tayBg%2FIZUhIcvoUeA4NMOu869D3NIGFmXZy1YKLHL2lF2uGG71M%2F4iHwmIB4SM8zsKrHRrHmTfWYPsucHBz1SV5SoBiu9ieUla3L6w3vj0STyX1ptF7niXDelK9it0rubqJgHjrz3LLch2usJHeZcGQsfcd0sSwMdXXigwzJwA5fX1KHo78FKfBO2GZU2UXse%2B%2F6G%2Ft%2BQ2y08BHU5xD0znEZ8NGnG%2FdpfSfiHKV0QZTSzmyyGFh9WNxL%2FuMkm%2BAspBXSMV5FhpObQ%3D%3D
[debug] [2026-02-22T07:40:50.381Z] >>> [apiv2][body] PUT https://storage.googleapis.com/uploads-545157360326.asia-southeast1.cloudfunctions.appspot.com/2df94903-82ca-45cf-a97e-fa3a5f3a45c1.zip [stream]
[debug] [2026-02-22T07:40:50.677Z] <<< [apiv2][status] PUT https://storage.googleapis.com/uploads-545157360326.asia-southeast1.cloudfunctions.appspot.com/2df94903-82ca-45cf-a97e-fa3a5f3a45c1.zip 200
[debug] [2026-02-22T07:40:50.677Z] <<< [apiv2][body] PUT https://storage.googleapis.com/uploads-545157360326.asia-southeast1.cloudfunctions.appspot.com/2df94903-82ca-45cf-a97e-fa3a5f3a45c1.zip [omitted]
[info] ✔  functions: functions source uploaded successfully 
[info] i  functions: creating Node.js 20 (1st Gen) function processPushNotificationQueue(asia-southeast1)... 
[debug] [2026-02-22T07:40:50.683Z] Checked if tokens are valid: true, expires at: 1771747186245
[debug] [2026-02-22T07:40:50.683Z] Checked if tokens are valid: true, expires at: 1771747186245
[debug] [2026-02-22T07:40:50.683Z] >>> [apiv2][query] POST https://cloudfunctions.googleapis.com/v1/projects/rn-learning-platform-4a0a9/locations/asia-southeast1/functions [none]
[debug] [2026-02-22T07:40:50.684Z] >>> [apiv2][body] POST https://cloudfunctions.googleapis.com/v1/projects/rn-learning-platform-4a0a9/locations/asia-southeast1/functions {"name":"projects/rn-learning-platform-4a0a9/locations/asia-southeast1/functions/processPushNotificationQueue","sourceUploadUrl":"https://storage.googleapis.com/uploads-545157360326.asia-southeast1.cloudfunctions.appspot.com/2df94903-82ca-45cf-a97e-fa3a5f3a45c1.zip?GoogleAccessId=service-922885288030@gcf-admin-robot.iam.gserviceaccount.com&Expires=1771747850&Signature=zXGYqNDPmzDuHKNAXxn62RVNwlMsUouRo%2FoB74y7bX4XseDaXagSIe9YU3TzklAJYofl4fYp3tayBg%2FIZUhIcvoUeA4NMOu869D3NIGFmXZy1YKLHL2lF2uGG71M%2F4iHwmIB4SM8zsKrHRrHmTfWYPsucHBz1SV5SoBiu9ieUla3L6w3vj0STyX1ptF7niXDelK9it0rubqJgHjrz3LLch2usJHeZcGQsfcd0sSwMdXXigwzJwA5fX1KHo78FKfBO2GZU2UXse%2B%2F6G%2Ft%2BQ2y08BHU5xD0znEZ8NGnG%2FdpfSfiHKV0QZTSzmyyGFh9WNxL%2FuMkm%2BAspBXSMV5FhpObQ%3D%3D","entryPoint":"processPushNotificationQueue","runtime":"nodejs20","dockerRegistry":"ARTIFACT_REGISTRY","labels":{"deployment-tool":"cli-firebase","firebase-functions-hash":"605153bf6c82dd5598309654f0354239157f864f"},"eventTrigger":{"eventType":"providers/cloud.firestore/eventTypes/document.create","resource":"projects/rn-learning-platform-4a0a9/databases/(default)/documents/notification_queue/{docId}"},"minInstances":null,"maxInstances":1,"ingressSettings":null,"environmentVariables":{"FIREBASE_CONFIG":"{\"projectId\":\"rn-learning-platform-4a0a9\",\"storageBucket\":\"rn-learning-platform-4a0a9.firebasestorage.app\"}","GCLOUD_PROJECT":"rn-learning-platform-4a0a9","EVENTARC_CLOUD_EVENT_SOURCE":"projects/rn-learning-platform-4a0a9/locations/asia-southeast1/functions/processPushNotificationQueue"},"serviceAccountEmail":null,"availableMemoryMb":256,"timeout":"60s","vpcConnector":null,"vpcConnectorEgressSettings":null,"buildEnvironmentVariables":{"GOOGLE_NODE_RUN_SCRIPTS":""}}
[debug] [2026-02-22T07:40:51.605Z] <<< [apiv2][status] POST https://cloudfunctions.googleapis.com/v1/projects/rn-learning-platform-4a0a9/locations/asia-southeast1/functions 200
[debug] [2026-02-22T07:40:51.605Z] <<< [apiv2][body] POST https://cloudfunctions.googleapis.com/v1/projects/rn-learning-platform-4a0a9/locations/asia-southeast1/functions {"name":"operations/cHJvamVjdHMvcm4tbGVhcm5pbmctcGxhdGZvcm0tNGEwYTkvbG9jYXRpb25zL2FzaWEtc291dGhlYXN0MS9vcGVyYXRpb25zL29wZXJhdGlvbi0xNzcxNzQ2MDUwOTQwLTY0YjY0YzVmZmEwMjEtODQxMGU3OTYtMjFlOTg2MGM","metadata":{"@type":"type.googleapis.com/google.cloud.functions.v1.OperationMetadataV1","target":"projects/rn-learning-platform-4a0a9/locations/asia-southeast1/functions/processPushNotificationQueue","updateTime":"2026-02-22T07:40:51.507959216Z"}}
[debug] [2026-02-22T07:40:51.605Z] Checked if tokens are valid: true, expires at: 1771747186245
[debug] [2026-02-22T07:40:51.605Z] Checked if tokens are valid: true, expires at: 1771747186245
[debug] [2026-02-22T07:40:51.605Z] >>> [apiv2][query] GET https://cloudfunctions.googleapis.com/v1/operations/cHJvamVjdHMvcm4tbGVhcm5pbmctcGxhdGZvcm0tNGEwYTkvbG9jYXRpb25zL2FzaWEtc291dGhlYXN0MS9vcGVyYXRpb25zL29wZXJhdGlvbi0xNzcxNzQ2MDUwOTQwLTY0YjY0YzVmZmEwMjEtODQxMGU3OTYtMjFlOTg2MGM [none]
[debug] [2026-02-22T07:40:51.820Z] <<< [apiv2][status] GET https://cloudfunctions.googleapis.com/v1/operations/cHJvamVjdHMvcm4tbGVhcm5pbmctcGxhdGZvcm0tNGEwYTkvbG9jYXRpb25zL2FzaWEtc291dGhlYXN0MS9vcGVyYXRpb25zL29wZXJhdGlvbi0xNzcxNzQ2MDUwOTQwLTY0YjY0YzVmZmEwMjEtODQxMGU3OTYtMjFlOTg2MGM 200
[debug] [2026-02-22T07:40:51.820Z] <<< [apiv2][body] GET https://cloudfunctions.googleapis.com/v1/operations/cHJvamVjdHMvcm4tbGVhcm5pbmctcGxhdGZvcm0tNGEwYTkvbG9jYXRpb25zL2FzaWEtc291dGhlYXN0MS9vcGVyYXRpb25zL29wZXJhdGlvbi0xNzcxNzQ2MDUwOTQwLTY0YjY0YzVmZmEwMjEtODQxMGU3OTYtMjFlOTg2MGM {"name":"operations/cHJvamVjdHMvcm4tbGVhcm5pbmctcGxhdGZvcm0tNGEwYTkvbG9jYXRpb25zL2FzaWEtc291dGhlYXN0MS9vcGVyYXRpb25zL29wZXJhdGlvbi0xNzcxNzQ2MDUwOTQwLTY0YjY0YzVmZmEwMjEtODQxMGU3OTYtMjFlOTg2MGM","metadata":{"@type":"type.googleapis.com/google.cloud.functions.v1.OperationMetadataV1","target":"projects/rn-learning-platform-4a0a9/locations/asia-southeast1/functions/processPushNotificationQueue","updateTime":"2026-02-22T07:40:51.507959216Z"}}
[debug] [2026-02-22T07:40:52.322Z] [create-default-asia-southeast1-processPushNotificationQueue] Retrying task index 0
[debug] [2026-02-22T07:40:52.323Z] Checked if tokens are valid: true, expires at: 1771747186245
[debug] [2026-02-22T07:40:52.323Z] Checked if tokens are valid: true, expires at: 1771747186245
[debug] [2026-02-22T07:40:52.323Z] >>> [apiv2][query] GET https://cloudfunctions.googleapis.com/v1/operations/cHJvamVjdHMvcm4tbGVhcm5pbmctcGxhdGZvcm0tNGEwYTkvbG9jYXRpb25zL2FzaWEtc291dGhlYXN0MS9vcGVyYXRpb25zL29wZXJhdGlvbi0xNzcxNzQ2MDUwOTQwLTY0YjY0YzVmZmEwMjEtODQxMGU3OTYtMjFlOTg2MGM [none]
[debug] [2026-02-22T07:40:52.468Z] <<< [apiv2][status] GET https://cloudfunctions.googleapis.com/v1/operations/cHJvamVjdHMvcm4tbGVhcm5pbmctcGxhdGZvcm0tNGEwYTkvbG9jYXRpb25zL2FzaWEtc291dGhlYXN0MS9vcGVyYXRpb25zL29wZXJhdGlvbi0xNzcxNzQ2MDUwOTQwLTY0YjY0YzVmZmEwMjEtODQxMGU3OTYtMjFlOTg2MGM 200
[debug] [2026-02-22T07:40:52.468Z] <<< [apiv2][body] GET https://cloudfunctions.googleapis.com/v1/operations/cHJvamVjdHMvcm4tbGVhcm5pbmctcGxhdGZvcm0tNGEwYTkvbG9jYXRpb25zL2FzaWEtc291dGhlYXN0MS9vcGVyYXRpb25zL29wZXJhdGlvbi0xNzcxNzQ2MDUwOTQwLTY0YjY0YzVmZmEwMjEtODQxMGU3OTYtMjFlOTg2MGM {"name":"operations/cHJvamVjdHMvcm4tbGVhcm5pbmctcGxhdGZvcm0tNGEwYTkvbG9jYXRpb25zL2FzaWEtc291dGhlYXN0MS9vcGVyYXRpb25zL29wZXJhdGlvbi0xNzcxNzQ2MDUwOTQwLTY0YjY0YzVmZmEwMjEtODQxMGU3OTYtMjFlOTg2MGM","metadata":{"@type":"type.googleapis.com/google.cloud.functions.v1.OperationMetadataV1","target":"projects/rn-learning-platform-4a0a9/locations/asia-southeast1/functions/processPushNotificationQueue","type":"CREATE_FUNCTION","request":{"@type":"type.googleapis.com/google.cloud.functions.v1.CloudFunction","name":"projects/rn-learning-platform-4a0a9/locations/asia-southeast1/functions/processPushNotificationQueue","eventTrigger":{"eventType":"providers/cloud.firestore/eventTypes/document.create","resource":"projects/rn-learning-platform-4a0a9/databases/(default)/documents/notification_queue/{docId}","failurePolicy":{}},"entryPoint":"processPushNotificationQueue","timeout":"60s","availableMemoryMb":256,"updateTime":"1970-01-01T00:00:00Z","labels":{"deployment-tool":"cli-firebase","firebase-functions-hash":"605153bf6c82dd5598309654f0354239157f864f"},"sourceUploadUrl":"https://storage.googleapis.com/uploads-545157360326.asia-southeast1.cloudfunctions.appspot.com/2df94903-82ca-45cf-a97e-fa3a5f3a45c1.zip?GoogleAccessId=service-922885288030@gcf-admin-robot.iam.gserviceaccount.com&Expires=1771747850&Signature=zXGYqNDPmzDuHKNAXxn62RVNwlMsUouRo%2FoB74y7bX4XseDaXagSIe9YU3TzklAJYofl4fYp3tayBg%2FIZUhIcvoUeA4NMOu869D3NIGFmXZy1YKLHL2lF2uGG71M%2F4iHwmIB4SM8zsKrHRrHmTfWYPsucHBz1SV5SoBiu9ieUla3L6w3vj0STyX1ptF7niXDelK9it0rubqJgHjrz3LLch2usJHeZcGQsfcd0sSwMdXXigwzJwA5fX1KHo78FKfBO2GZU2UXse%2B%2F6G%2Ft%2BQ2y08BHU5xD0znEZ8NGnG%2FdpfSfiHKV0QZTSzmyyGFh9WNxL%2FuMkm%2BAspBXSMV5FhpObQ%3D%3D","environmentVariables":{"FIREBASE_CONFIG":"{\"projectId\":\"rn-learning-platform-4a0a9\",\"storageBucket\":\"rn-learning-platform-4a0a9.firebasestorage.app\"}","GCLOUD_PROJECT":"rn-learning-platform-4a0a9","EVENTARC_CLOUD_EVENT_SOURCE":"projects/rn-learning-platform-4a0a9/locations/asia-southeast1/functions/processPushNotificationQueue"},"runtime":"nodejs20","maxInstances":1,"buildEnvironmentVariables":{"GOOGLE_NODE_RUN_SCRIPTS":""},"dockerRegistry":"ARTIFACT_REGISTRY"},"updateTime":"2026-02-22T07:40:51.507959216Z"}}
[debug] [2026-02-22T07:40:53.469Z] [create-default-asia-southeast1-processPushNotificationQueue] Retrying task index 0
[debug] [2026-02-22T07:40:53.470Z] Checked if tokens are valid: true, expires at: 1771747186245
[debug] [2026-02-22T07:40:53.470Z] Checked if tokens are valid: true, expires at: 1771747186245
[debug] [2026-02-22T07:40:53.470Z] >>> [apiv2][query] GET https://cloudfunctions.googleapis.com/v1/operations/cHJvamVjdHMvcm4tbGVhcm5pbmctcGxhdGZvcm0tNGEwYTkvbG9jYXRpb25zL2FzaWEtc291dGhlYXN0MS9vcGVyYXRpb25zL29wZXJhdGlvbi0xNzcxNzQ2MDUwOTQwLTY0YjY0YzVmZmEwMjEtODQxMGU3OTYtMjFlOTg2MGM [none]
[debug] [2026-02-22T07:40:53.654Z] <<< [apiv2][status] GET https://cloudfunctions.googleapis.com/v1/operations/cHJvamVjdHMvcm4tbGVhcm5pbmctcGxhdGZvcm0tNGEwYTkvbG9jYXRpb25zL2FzaWEtc291dGhlYXN0MS9vcGVyYXRpb25zL29wZXJhdGlvbi0xNzcxNzQ2MDUwOTQwLTY0YjY0YzVmZmEwMjEtODQxMGU3OTYtMjFlOTg2MGM 200
[debug] [2026-02-22T07:40:53.654Z] <<< [apiv2][body] GET https://cloudfunctions.googleapis.com/v1/operations/cHJvamVjdHMvcm4tbGVhcm5pbmctcGxhdGZvcm0tNGEwYTkvbG9jYXRpb25zL2FzaWEtc291dGhlYXN0MS9vcGVyYXRpb25zL29wZXJhdGlvbi0xNzcxNzQ2MDUwOTQwLTY0YjY0YzVmZmEwMjEtODQxMGU3OTYtMjFlOTg2MGM {"name":"operations/cHJvamVjdHMvcm4tbGVhcm5pbmctcGxhdGZvcm0tNGEwYTkvbG9jYXRpb25zL2FzaWEtc291dGhlYXN0MS9vcGVyYXRpb25zL29wZXJhdGlvbi0xNzcxNzQ2MDUwOTQwLTY0YjY0YzVmZmEwMjEtODQxMGU3OTYtMjFlOTg2MGM","metadata":{"@type":"type.googleapis.com/google.cloud.functions.v1.OperationMetadataV1","target":"projects/rn-learning-platform-4a0a9/locations/asia-southeast1/functions/processPushNotificationQueue","type":"CREATE_FUNCTION","request":{"@type":"type.googleapis.com/google.cloud.functions.v1.CloudFunction","name":"projects/rn-learning-platform-4a0a9/locations/asia-southeast1/functions/processPushNotificationQueue","eventTrigger":{"eventType":"providers/cloud.firestore/eventTypes/document.create","resource":"projects/rn-learning-platform-4a0a9/databases/(default)/documents/notification_queue/{docId}","failurePolicy":{}},"entryPoint":"processPushNotificationQueue","timeout":"60s","availableMemoryMb":256,"updateTime":"1970-01-01T00:00:00Z","labels":{"deployment-tool":"cli-firebase","firebase-functions-hash":"605153bf6c82dd5598309654f0354239157f864f"},"sourceUploadUrl":"https://storage.googleapis.com/uploads-545157360326.asia-southeast1.cloudfunctions.appspot.com/2df94903-82ca-45cf-a97e-fa3a5f3a45c1.zip?GoogleAccessId=service-922885288030@gcf-admin-robot.iam.gserviceaccount.com&Expires=1771747850&Signature=zXGYqNDPmzDuHKNAXxn62RVNwlMsUouRo%2FoB74y7bX4XseDaXagSIe9YU3TzklAJYofl4fYp3tayBg%2FIZUhIcvoUeA4NMOu869D3NIGFmXZy1YKLHL2lF2uGG71M%2F4iHwmIB4SM8zsKrHRrHmTfWYPsucHBz1SV5SoBiu9ieUla3L6w3vj0STyX1ptF7niXDelK9it0rubqJgHjrz3LLch2usJHeZcGQsfcd0sSwMdXXigwzJwA5fX1KHo78FKfBO2GZU2UXse%2B%2F6G%2Ft%2BQ2y08BHU5xD0znEZ8NGnG%2FdpfSfiHKV0QZTSzmyyGFh9WNxL%2FuMkm%2BAspBXSMV5FhpObQ%3D%3D","environmentVariables":{"FIREBASE_CONFIG":"{\"projectId\":\"rn-learning-platform-4a0a9\",\"storageBucket\":\"rn-learning-platform-4a0a9.firebasestorage.app\"}","GCLOUD_PROJECT":"rn-learning-platform-4a0a9","EVENTARC_CLOUD_EVENT_SOURCE":"projects/rn-learning-platform-4a0a9/locations/asia-southeast1/functions/processPushNotificationQueue"},"runtime":"nodejs20","maxInstances":1,"buildEnvironmentVariables":{"GOOGLE_NODE_RUN_SCRIPTS":""},"dockerRegistry":"ARTIFACT_REGISTRY"},"versionId":"1","updateTime":"2026-02-22T07:40:51.507959216Z"}}
[debug] [2026-02-22T07:40:55.655Z] [create-default-asia-southeast1-processPushNotificationQueue] Retrying task index 0
[debug] [2026-02-22T07:40:55.655Z] Checked if tokens are valid: true, expires at: 1771747186245
[debug] [2026-02-22T07:40:55.655Z] Checked if tokens are valid: true, expires at: 1771747186245
[debug] [2026-02-22T07:40:55.656Z] >>> [apiv2][query] GET https://cloudfunctions.googleapis.com/v1/operations/cHJvamVjdHMvcm4tbGVhcm5pbmctcGxhdGZvcm0tNGEwYTkvbG9jYXRpb25zL2FzaWEtc291dGhlYXN0MS9vcGVyYXRpb25zL29wZXJhdGlvbi0xNzcxNzQ2MDUwOTQwLTY0YjY0YzVmZmEwMjEtODQxMGU3OTYtMjFlOTg2MGM [none]
[debug] [2026-02-22T07:40:55.866Z] <<< [apiv2][status] GET https://cloudfunctions.googleapis.com/v1/operations/cHJvamVjdHMvcm4tbGVhcm5pbmctcGxhdGZvcm0tNGEwYTkvbG9jYXRpb25zL2FzaWEtc291dGhlYXN0MS9vcGVyYXRpb25zL29wZXJhdGlvbi0xNzcxNzQ2MDUwOTQwLTY0YjY0YzVmZmEwMjEtODQxMGU3OTYtMjFlOTg2MGM 200
[debug] [2026-02-22T07:40:55.866Z] <<< [apiv2][body] GET https://cloudfunctions.googleapis.com/v1/operations/cHJvamVjdHMvcm4tbGVhcm5pbmctcGxhdGZvcm0tNGEwYTkvbG9jYXRpb25zL2FzaWEtc291dGhlYXN0MS9vcGVyYXRpb25zL29wZXJhdGlvbi0xNzcxNzQ2MDUwOTQwLTY0YjY0YzVmZmEwMjEtODQxMGU3OTYtMjFlOTg2MGM {"name":"operations/cHJvamVjdHMvcm4tbGVhcm5pbmctcGxhdGZvcm0tNGEwYTkvbG9jYXRpb25zL2FzaWEtc291dGhlYXN0MS9vcGVyYXRpb25zL29wZXJhdGlvbi0xNzcxNzQ2MDUwOTQwLTY0YjY0YzVmZmEwMjEtODQxMGU3OTYtMjFlOTg2MGM","metadata":{"@type":"type.googleapis.com/google.cloud.functions.v1.OperationMetadataV1","target":"projects/rn-learning-platform-4a0a9/locations/asia-southeast1/functions/processPushNotificationQueue","type":"CREATE_FUNCTION","request":{"@type":"type.googleapis.com/google.cloud.functions.v1.CloudFunction","name":"projects/rn-learning-platform-4a0a9/locations/asia-southeast1/functions/processPushNotificationQueue","eventTrigger":{"eventType":"providers/cloud.firestore/eventTypes/document.create","resource":"projects/rn-learning-platform-4a0a9/databases/(default)/documents/notification_queue/{docId}","failurePolicy":{}},"entryPoint":"processPushNotificationQueue","timeout":"60s","availableMemoryMb":256,"updateTime":"1970-01-01T00:00:00Z","labels":{"deployment-tool":"cli-firebase","firebase-functions-hash":"605153bf6c82dd5598309654f0354239157f864f"},"sourceUploadUrl":"https://storage.googleapis.com/uploads-545157360326.asia-southeast1.cloudfunctions.appspot.com/2df94903-82ca-45cf-a97e-fa3a5f3a45c1.zip?GoogleAccessId=service-922885288030@gcf-admin-robot.iam.gserviceaccount.com&Expires=1771747850&Signature=zXGYqNDPmzDuHKNAXxn62RVNwlMsUouRo%2FoB74y7bX4XseDaXagSIe9YU3TzklAJYofl4fYp3tayBg%2FIZUhIcvoUeA4NMOu869D3NIGFmXZy1YKLHL2lF2uGG71M%2F4iHwmIB4SM8zsKrHRrHmTfWYPsucHBz1SV5SoBiu9ieUla3L6w3vj0STyX1ptF7niXDelK9it0rubqJgHjrz3LLch2usJHeZcGQsfcd0sSwMdXXigwzJwA5fX1KHo78FKfBO2GZU2UXse%2B%2F6G%2Ft%2BQ2y08BHU5xD0znEZ8NGnG%2FdpfSfiHKV0QZTSzmyyGFh9WNxL%2FuMkm%2BAspBXSMV5FhpObQ%3D%3D","environmentVariables":{"FIREBASE_CONFIG":"{\"projectId\":\"rn-learning-platform-4a0a9\",\"storageBucket\":\"rn-learning-platform-4a0a9.firebasestorage.app\"}","GCLOUD_PROJECT":"rn-learning-platform-4a0a9","EVENTARC_CLOUD_EVENT_SOURCE":"projects/rn-learning-platform-4a0a9/locations/asia-southeast1/functions/processPushNotificationQueue"},"runtime":"nodejs20","maxInstances":1,"buildEnvironmentVariables":{"GOOGLE_NODE_RUN_SCRIPTS":""},"dockerRegistry":"ARTIFACT_REGISTRY"},"versionId":"1","updateTime":"2026-02-22T07:40:51.507959216Z"}}
[debug] [2026-02-22T07:40:59.867Z] [create-default-asia-southeast1-processPushNotificationQueue] Retrying task index 0
[debug] [2026-02-22T07:40:59.868Z] Checked if tokens are valid: true, expires at: 1771747186245
[debug] [2026-02-22T07:40:59.868Z] Checked if tokens are valid: true, expires at: 1771747186245
[debug] [2026-02-22T07:40:59.868Z] >>> [apiv2][query] GET https://cloudfunctions.googleapis.com/v1/operations/cHJvamVjdHMvcm4tbGVhcm5pbmctcGxhdGZvcm0tNGEwYTkvbG9jYXRpb25zL2FzaWEtc291dGhlYXN0MS9vcGVyYXRpb25zL29wZXJhdGlvbi0xNzcxNzQ2MDUwOTQwLTY0YjY0YzVmZmEwMjEtODQxMGU3OTYtMjFlOTg2MGM [none]
[debug] [2026-02-22T07:41:00.039Z] <<< [apiv2][status] GET https://cloudfunctions.googleapis.com/v1/operations/cHJvamVjdHMvcm4tbGVhcm5pbmctcGxhdGZvcm0tNGEwYTkvbG9jYXRpb25zL2FzaWEtc291dGhlYXN0MS9vcGVyYXRpb25zL29wZXJhdGlvbi0xNzcxNzQ2MDUwOTQwLTY0YjY0YzVmZmEwMjEtODQxMGU3OTYtMjFlOTg2MGM 200
[debug] [2026-02-22T07:41:00.039Z] <<< [apiv2][body] GET https://cloudfunctions.googleapis.com/v1/operations/cHJvamVjdHMvcm4tbGVhcm5pbmctcGxhdGZvcm0tNGEwYTkvbG9jYXRpb25zL2FzaWEtc291dGhlYXN0MS9vcGVyYXRpb25zL29wZXJhdGlvbi0xNzcxNzQ2MDUwOTQwLTY0YjY0YzVmZmEwMjEtODQxMGU3OTYtMjFlOTg2MGM {"name":"operations/cHJvamVjdHMvcm4tbGVhcm5pbmctcGxhdGZvcm0tNGEwYTkvbG9jYXRpb25zL2FzaWEtc291dGhlYXN0MS9vcGVyYXRpb25zL29wZXJhdGlvbi0xNzcxNzQ2MDUwOTQwLTY0YjY0YzVmZmEwMjEtODQxMGU3OTYtMjFlOTg2MGM","metadata":{"@type":"type.googleapis.com/google.cloud.functions.v1.OperationMetadataV1","target":"projects/rn-learning-platform-4a0a9/locations/asia-southeast1/functions/processPushNotificationQueue","type":"CREATE_FUNCTION","request":{"@type":"type.googleapis.com/google.cloud.functions.v1.CloudFunction","name":"projects/rn-learning-platform-4a0a9/locations/asia-southeast1/functions/processPushNotificationQueue","eventTrigger":{"eventType":"providers/cloud.firestore/eventTypes/document.create","resource":"projects/rn-learning-platform-4a0a9/databases/(default)/documents/notification_queue/{docId}","failurePolicy":{}},"entryPoint":"processPushNotificationQueue","timeout":"60s","availableMemoryMb":256,"updateTime":"1970-01-01T00:00:00Z","labels":{"deployment-tool":"cli-firebase","firebase-functions-hash":"605153bf6c82dd5598309654f0354239157f864f"},"sourceUploadUrl":"https://storage.googleapis.com/uploads-545157360326.asia-southeast1.cloudfunctions.appspot.com/2df94903-82ca-45cf-a97e-fa3a5f3a45c1.zip?GoogleAccessId=service-922885288030@gcf-admin-robot.iam.gserviceaccount.com&Expires=1771747850&Signature=zXGYqNDPmzDuHKNAXxn62RVNwlMsUouRo%2FoB74y7bX4XseDaXagSIe9YU3TzklAJYofl4fYp3tayBg%2FIZUhIcvoUeA4NMOu869D3NIGFmXZy1YKLHL2lF2uGG71M%2F4iHwmIB4SM8zsKrHRrHmTfWYPsucHBz1SV5SoBiu9ieUla3L6w3vj0STyX1ptF7niXDelK9it0rubqJgHjrz3LLch2usJHeZcGQsfcd0sSwMdXXigwzJwA5fX1KHo78FKfBO2GZU2UXse%2B%2F6G%2Ft%2BQ2y08BHU5xD0znEZ8NGnG%2FdpfSfiHKV0QZTSzmyyGFh9WNxL%2FuMkm%2BAspBXSMV5FhpObQ%3D%3D","environmentVariables":{"FIREBASE_CONFIG":"{\"projectId\":\"rn-learning-platform-4a0a9\",\"storageBucket\":\"rn-learning-platform-4a0a9.firebasestorage.app\"}","GCLOUD_PROJECT":"rn-learning-platform-4a0a9","EVENTARC_CLOUD_EVENT_SOURCE":"projects/rn-learning-platform-4a0a9/locations/asia-southeast1/functions/processPushNotificationQueue"},"runtime":"nodejs20","maxInstances":1,"buildEnvironmentVariables":{"GOOGLE_NODE_RUN_SCRIPTS":""},"dockerRegistry":"ARTIFACT_REGISTRY"},"versionId":"1","updateTime":"2026-02-22T07:40:51.507959216Z"}}
[debug] [2026-02-22T07:41:08.040Z] [create-default-asia-southeast1-processPushNotificationQueue] Retrying task index 0
[debug] [2026-02-22T07:41:08.041Z] Checked if tokens are valid: true, expires at: 1771747186245
[debug] [2026-02-22T07:41:08.041Z] Checked if tokens are valid: true, expires at: 1771747186245
[debug] [2026-02-22T07:41:08.041Z] >>> [apiv2][query] GET https://cloudfunctions.googleapis.com/v1/operations/cHJvamVjdHMvcm4tbGVhcm5pbmctcGxhdGZvcm0tNGEwYTkvbG9jYXRpb25zL2FzaWEtc291dGhlYXN0MS9vcGVyYXRpb25zL29wZXJhdGlvbi0xNzcxNzQ2MDUwOTQwLTY0YjY0YzVmZmEwMjEtODQxMGU3OTYtMjFlOTg2MGM [none]
[debug] [2026-02-22T07:41:08.266Z] <<< [apiv2][status] GET https://cloudfunctions.googleapis.com/v1/operations/cHJvamVjdHMvcm4tbGVhcm5pbmctcGxhdGZvcm0tNGEwYTkvbG9jYXRpb25zL2FzaWEtc291dGhlYXN0MS9vcGVyYXRpb25zL29wZXJhdGlvbi0xNzcxNzQ2MDUwOTQwLTY0YjY0YzVmZmEwMjEtODQxMGU3OTYtMjFlOTg2MGM 200
[debug] [2026-02-22T07:41:08.267Z] <<< [apiv2][body] GET https://cloudfunctions.googleapis.com/v1/operations/cHJvamVjdHMvcm4tbGVhcm5pbmctcGxhdGZvcm0tNGEwYTkvbG9jYXRpb25zL2FzaWEtc291dGhlYXN0MS9vcGVyYXRpb25zL29wZXJhdGlvbi0xNzcxNzQ2MDUwOTQwLTY0YjY0YzVmZmEwMjEtODQxMGU3OTYtMjFlOTg2MGM {"name":"operations/cHJvamVjdHMvcm4tbGVhcm5pbmctcGxhdGZvcm0tNGEwYTkvbG9jYXRpb25zL2FzaWEtc291dGhlYXN0MS9vcGVyYXRpb25zL29wZXJhdGlvbi0xNzcxNzQ2MDUwOTQwLTY0YjY0YzVmZmEwMjEtODQxMGU3OTYtMjFlOTg2MGM","metadata":{"@type":"type.googleapis.com/google.cloud.functions.v1.OperationMetadataV1","target":"projects/rn-learning-platform-4a0a9/locations/asia-southeast1/functions/processPushNotificationQueue","type":"CREATE_FUNCTION","request":{"@type":"type.googleapis.com/google.cloud.functions.v1.CloudFunction","name":"projects/rn-learning-platform-4a0a9/locations/asia-southeast1/functions/processPushNotificationQueue","eventTrigger":{"eventType":"providers/cloud.firestore/eventTypes/document.create","resource":"projects/rn-learning-platform-4a0a9/databases/(default)/documents/notification_queue/{docId}","failurePolicy":{}},"entryPoint":"processPushNotificationQueue","timeout":"60s","availableMemoryMb":256,"updateTime":"1970-01-01T00:00:00Z","labels":{"deployment-tool":"cli-firebase","firebase-functions-hash":"605153bf6c82dd5598309654f0354239157f864f"},"sourceUploadUrl":"https://storage.googleapis.com/uploads-545157360326.asia-southeast1.cloudfunctions.appspot.com/2df94903-82ca-45cf-a97e-fa3a5f3a45c1.zip?GoogleAccessId=service-922885288030@gcf-admin-robot.iam.gserviceaccount.com&Expires=1771747850&Signature=zXGYqNDPmzDuHKNAXxn62RVNwlMsUouRo%2FoB74y7bX4XseDaXagSIe9YU3TzklAJYofl4fYp3tayBg%2FIZUhIcvoUeA4NMOu869D3NIGFmXZy1YKLHL2lF2uGG71M%2F4iHwmIB4SM8zsKrHRrHmTfWYPsucHBz1SV5SoBiu9ieUla3L6w3vj0STyX1ptF7niXDelK9it0rubqJgHjrz3LLch2usJHeZcGQsfcd0sSwMdXXigwzJwA5fX1KHo78FKfBO2GZU2UXse%2B%2F6G%2Ft%2BQ2y08BHU5xD0znEZ8NGnG%2FdpfSfiHKV0QZTSzmyyGFh9WNxL%2FuMkm%2BAspBXSMV5FhpObQ%3D%3D","environmentVariables":{"FIREBASE_CONFIG":"{\"projectId\":\"rn-learning-platform-4a0a9\",\"storageBucket\":\"rn-learning-platform-4a0a9.firebasestorage.app\"}","GCLOUD_PROJECT":"rn-learning-platform-4a0a9","EVENTARC_CLOUD_EVENT_SOURCE":"projects/rn-learning-platform-4a0a9/locations/asia-southeast1/functions/processPushNotificationQueue"},"runtime":"nodejs20","maxInstances":1,"buildEnvironmentVariables":{"GOOGLE_NODE_RUN_SCRIPTS":""},"dockerRegistry":"ARTIFACT_REGISTRY"},"versionId":"1","updateTime":"2026-02-22T07:40:51.507959216Z"}}
[debug] [2026-02-22T07:41:18.267Z] [create-default-asia-southeast1-processPushNotificationQueue] Retrying task index 0
[debug] [2026-02-22T07:41:18.267Z] Checked if tokens are valid: true, expires at: 1771747186245
[debug] [2026-02-22T07:41:18.267Z] Checked if tokens are valid: true, expires at: 1771747186245
[debug] [2026-02-22T07:41:18.267Z] >>> [apiv2][query] GET https://cloudfunctions.googleapis.com/v1/operations/cHJvamVjdHMvcm4tbGVhcm5pbmctcGxhdGZvcm0tNGEwYTkvbG9jYXRpb25zL2FzaWEtc291dGhlYXN0MS9vcGVyYXRpb25zL29wZXJhdGlvbi0xNzcxNzQ2MDUwOTQwLTY0YjY0YzVmZmEwMjEtODQxMGU3OTYtMjFlOTg2MGM [none]
[debug] [2026-02-22T07:41:18.513Z] <<< [apiv2][status] GET https://cloudfunctions.googleapis.com/v1/operations/cHJvamVjdHMvcm4tbGVhcm5pbmctcGxhdGZvcm0tNGEwYTkvbG9jYXRpb25zL2FzaWEtc291dGhlYXN0MS9vcGVyYXRpb25zL29wZXJhdGlvbi0xNzcxNzQ2MDUwOTQwLTY0YjY0YzVmZmEwMjEtODQxMGU3OTYtMjFlOTg2MGM 200
[debug] [2026-02-22T07:41:18.513Z] <<< [apiv2][body] GET https://cloudfunctions.googleapis.com/v1/operations/cHJvamVjdHMvcm4tbGVhcm5pbmctcGxhdGZvcm0tNGEwYTkvbG9jYXRpb25zL2FzaWEtc291dGhlYXN0MS9vcGVyYXRpb25zL29wZXJhdGlvbi0xNzcxNzQ2MDUwOTQwLTY0YjY0YzVmZmEwMjEtODQxMGU3OTYtMjFlOTg2MGM {"name":"operations/cHJvamVjdHMvcm4tbGVhcm5pbmctcGxhdGZvcm0tNGEwYTkvbG9jYXRpb25zL2FzaWEtc291dGhlYXN0MS9vcGVyYXRpb25zL29wZXJhdGlvbi0xNzcxNzQ2MDUwOTQwLTY0YjY0YzVmZmEwMjEtODQxMGU3OTYtMjFlOTg2MGM","metadata":{"@type":"type.googleapis.com/google.cloud.functions.v1.OperationMetadataV1","target":"projects/rn-learning-platform-4a0a9/locations/asia-southeast1/functions/processPushNotificationQueue","type":"CREATE_FUNCTION","request":{"@type":"type.googleapis.com/google.cloud.functions.v1.CloudFunction","name":"projects/rn-learning-platform-4a0a9/locations/asia-southeast1/functions/processPushNotificationQueue","eventTrigger":{"eventType":"providers/cloud.firestore/eventTypes/document.create","resource":"projects/rn-learning-platform-4a0a9/databases/(default)/documents/notification_queue/{docId}","failurePolicy":{}},"entryPoint":"processPushNotificationQueue","timeout":"60s","availableMemoryMb":256,"updateTime":"1970-01-01T00:00:00Z","labels":{"deployment-tool":"cli-firebase","firebase-functions-hash":"605153bf6c82dd5598309654f0354239157f864f"},"sourceUploadUrl":"https://storage.googleapis.com/uploads-545157360326.asia-southeast1.cloudfunctions.appspot.com/2df94903-82ca-45cf-a97e-fa3a5f3a45c1.zip?GoogleAccessId=service-922885288030@gcf-admin-robot.iam.gserviceaccount.com&Expires=1771747850&Signature=zXGYqNDPmzDuHKNAXxn62RVNwlMsUouRo%2FoB74y7bX4XseDaXagSIe9YU3TzklAJYofl4fYp3tayBg%2FIZUhIcvoUeA4NMOu869D3NIGFmXZy1YKLHL2lF2uGG71M%2F4iHwmIB4SM8zsKrHRrHmTfWYPsucHBz1SV5SoBiu9ieUla3L6w3vj0STyX1ptF7niXDelK9it0rubqJgHjrz3LLch2usJHeZcGQsfcd0sSwMdXXigwzJwA5fX1KHo78FKfBO2GZU2UXse%2B%2F6G%2Ft%2BQ2y08BHU5xD0znEZ8NGnG%2FdpfSfiHKV0QZTSzmyyGFh9WNxL%2FuMkm%2BAspBXSMV5FhpObQ%3D%3D","environmentVariables":{"FIREBASE_CONFIG":"{\"projectId\":\"rn-learning-platform-4a0a9\",\"storageBucket\":\"rn-learning-platform-4a0a9.firebasestorage.app\"}","GCLOUD_PROJECT":"rn-learning-platform-4a0a9","EVENTARC_CLOUD_EVENT_SOURCE":"projects/rn-learning-platform-4a0a9/locations/asia-southeast1/functions/processPushNotificationQueue"},"runtime":"nodejs20","maxInstances":1,"buildEnvironmentVariables":{"GOOGLE_NODE_RUN_SCRIPTS":""},"dockerRegistry":"ARTIFACT_REGISTRY"},"versionId":"1","updateTime":"2026-02-22T07:40:51.507959216Z","buildId":"35108488-74b3-406c-af0e-384633436fd4","buildName":"projects/922885288030/locations/asia-southeast1/builds/35108488-74b3-406c-af0e-384633436fd4"}}
[debug] [2026-02-22T07:41:28.514Z] [create-default-asia-southeast1-processPushNotificationQueue] Retrying task index 0
[debug] [2026-02-22T07:41:28.514Z] Checked if tokens are valid: true, expires at: 1771747186245
[debug] [2026-02-22T07:41:28.514Z] Checked if tokens are valid: true, expires at: 1771747186245
[debug] [2026-02-22T07:41:28.514Z] >>> [apiv2][query] GET https://cloudfunctions.googleapis.com/v1/operations/cHJvamVjdHMvcm4tbGVhcm5pbmctcGxhdGZvcm0tNGEwYTkvbG9jYXRpb25zL2FzaWEtc291dGhlYXN0MS9vcGVyYXRpb25zL29wZXJhdGlvbi0xNzcxNzQ2MDUwOTQwLTY0YjY0YzVmZmEwMjEtODQxMGU3OTYtMjFlOTg2MGM [none]
[debug] [2026-02-22T07:41:28.673Z] <<< [apiv2][status] GET https://cloudfunctions.googleapis.com/v1/operations/cHJvamVjdHMvcm4tbGVhcm5pbmctcGxhdGZvcm0tNGEwYTkvbG9jYXRpb25zL2FzaWEtc291dGhlYXN0MS9vcGVyYXRpb25zL29wZXJhdGlvbi0xNzcxNzQ2MDUwOTQwLTY0YjY0YzVmZmEwMjEtODQxMGU3OTYtMjFlOTg2MGM 200
[debug] [2026-02-22T07:41:28.673Z] <<< [apiv2][body] GET https://cloudfunctions.googleapis.com/v1/operations/cHJvamVjdHMvcm4tbGVhcm5pbmctcGxhdGZvcm0tNGEwYTkvbG9jYXRpb25zL2FzaWEtc291dGhlYXN0MS9vcGVyYXRpb25zL29wZXJhdGlvbi0xNzcxNzQ2MDUwOTQwLTY0YjY0YzVmZmEwMjEtODQxMGU3OTYtMjFlOTg2MGM {"name":"operations/cHJvamVjdHMvcm4tbGVhcm5pbmctcGxhdGZvcm0tNGEwYTkvbG9jYXRpb25zL2FzaWEtc291dGhlYXN0MS9vcGVyYXRpb25zL29wZXJhdGlvbi0xNzcxNzQ2MDUwOTQwLTY0YjY0YzVmZmEwMjEtODQxMGU3OTYtMjFlOTg2MGM","metadata":{"@type":"type.googleapis.com/google.cloud.functions.v1.OperationMetadataV1","target":"projects/rn-learning-platform-4a0a9/locations/asia-southeast1/functions/processPushNotificationQueue","type":"CREATE_FUNCTION","request":{"@type":"type.googleapis.com/google.cloud.functions.v1.CloudFunction","name":"projects/rn-learning-platform-4a0a9/locations/asia-southeast1/functions/processPushNotificationQueue","eventTrigger":{"eventType":"providers/cloud.firestore/eventTypes/document.create","resource":"projects/rn-learning-platform-4a0a9/databases/(default)/documents/notification_queue/{docId}","failurePolicy":{}},"entryPoint":"processPushNotificationQueue","timeout":"60s","availableMemoryMb":256,"updateTime":"1970-01-01T00:00:00Z","labels":{"deployment-tool":"cli-firebase","firebase-functions-hash":"605153bf6c82dd5598309654f0354239157f864f"},"sourceUploadUrl":"https://storage.googleapis.com/uploads-545157360326.asia-southeast1.cloudfunctions.appspot.com/2df94903-82ca-45cf-a97e-fa3a5f3a45c1.zip?GoogleAccessId=service-922885288030@gcf-admin-robot.iam.gserviceaccount.com&Expires=1771747850&Signature=zXGYqNDPmzDuHKNAXxn62RVNwlMsUouRo%2FoB74y7bX4XseDaXagSIe9YU3TzklAJYofl4fYp3tayBg%2FIZUhIcvoUeA4NMOu869D3NIGFmXZy1YKLHL2lF2uGG71M%2F4iHwmIB4SM8zsKrHRrHmTfWYPsucHBz1SV5SoBiu9ieUla3L6w3vj0STyX1ptF7niXDelK9it0rubqJgHjrz3LLch2usJHeZcGQsfcd0sSwMdXXigwzJwA5fX1KHo78FKfBO2GZU2UXse%2B%2F6G%2Ft%2BQ2y08BHU5xD0znEZ8NGnG%2FdpfSfiHKV0QZTSzmyyGFh9WNxL%2FuMkm%2BAspBXSMV5FhpObQ%3D%3D","environmentVariables":{"FIREBASE_CONFIG":"{\"projectId\":\"rn-learning-platform-4a0a9\",\"storageBucket\":\"rn-learning-platform-4a0a9.firebasestorage.app\"}","GCLOUD_PROJECT":"rn-learning-platform-4a0a9","EVENTARC_CLOUD_EVENT_SOURCE":"projects/rn-learning-platform-4a0a9/locations/asia-southeast1/functions/processPushNotificationQueue"},"runtime":"nodejs20","maxInstances":1,"buildEnvironmentVariables":{"GOOGLE_NODE_RUN_SCRIPTS":""},"dockerRegistry":"ARTIFACT_REGISTRY"},"versionId":"1","updateTime":"2026-02-22T07:40:51.507959216Z","buildId":"35108488-74b3-406c-af0e-384633436fd4","buildName":"projects/922885288030/locations/asia-southeast1/builds/35108488-74b3-406c-af0e-384633436fd4"}}
[debug] [2026-02-22T07:41:38.674Z] [create-default-asia-southeast1-processPushNotificationQueue] Retrying task index 0
[debug] [2026-02-22T07:41:38.674Z] Checked if tokens are valid: true, expires at: 1771747186245
[debug] [2026-02-22T07:41:38.674Z] Checked if tokens are valid: true, expires at: 1771747186245
[debug] [2026-02-22T07:41:38.675Z] >>> [apiv2][query] GET https://cloudfunctions.googleapis.com/v1/operations/cHJvamVjdHMvcm4tbGVhcm5pbmctcGxhdGZvcm0tNGEwYTkvbG9jYXRpb25zL2FzaWEtc291dGhlYXN0MS9vcGVyYXRpb25zL29wZXJhdGlvbi0xNzcxNzQ2MDUwOTQwLTY0YjY0YzVmZmEwMjEtODQxMGU3OTYtMjFlOTg2MGM [none]
[debug] [2026-02-22T07:41:38.937Z] <<< [apiv2][status] GET https://cloudfunctions.googleapis.com/v1/operations/cHJvamVjdHMvcm4tbGVhcm5pbmctcGxhdGZvcm0tNGEwYTkvbG9jYXRpb25zL2FzaWEtc291dGhlYXN0MS9vcGVyYXRpb25zL29wZXJhdGlvbi0xNzcxNzQ2MDUwOTQwLTY0YjY0YzVmZmEwMjEtODQxMGU3OTYtMjFlOTg2MGM 200
[debug] [2026-02-22T07:41:38.937Z] <<< [apiv2][body] GET https://cloudfunctions.googleapis.com/v1/operations/cHJvamVjdHMvcm4tbGVhcm5pbmctcGxhdGZvcm0tNGEwYTkvbG9jYXRpb25zL2FzaWEtc291dGhlYXN0MS9vcGVyYXRpb25zL29wZXJhdGlvbi0xNzcxNzQ2MDUwOTQwLTY0YjY0YzVmZmEwMjEtODQxMGU3OTYtMjFlOTg2MGM {"name":"operations/cHJvamVjdHMvcm4tbGVhcm5pbmctcGxhdGZvcm0tNGEwYTkvbG9jYXRpb25zL2FzaWEtc291dGhlYXN0MS9vcGVyYXRpb25zL29wZXJhdGlvbi0xNzcxNzQ2MDUwOTQwLTY0YjY0YzVmZmEwMjEtODQxMGU3OTYtMjFlOTg2MGM","metadata":{"@type":"type.googleapis.com/google.cloud.functions.v1.OperationMetadataV1","target":"projects/rn-learning-platform-4a0a9/locations/asia-southeast1/functions/processPushNotificationQueue","type":"CREATE_FUNCTION","request":{"@type":"type.googleapis.com/google.cloud.functions.v1.CloudFunction","name":"projects/rn-learning-platform-4a0a9/locations/asia-southeast1/functions/processPushNotificationQueue","eventTrigger":{"eventType":"providers/cloud.firestore/eventTypes/document.create","resource":"projects/rn-learning-platform-4a0a9/databases/(default)/documents/notification_queue/{docId}","failurePolicy":{}},"entryPoint":"processPushNotificationQueue","timeout":"60s","availableMemoryMb":256,"updateTime":"1970-01-01T00:00:00Z","labels":{"deployment-tool":"cli-firebase","firebase-functions-hash":"605153bf6c82dd5598309654f0354239157f864f"},"sourceUploadUrl":"https://storage.googleapis.com/uploads-545157360326.asia-southeast1.cloudfunctions.appspot.com/2df94903-82ca-45cf-a97e-fa3a5f3a45c1.zip?GoogleAccessId=service-922885288030@gcf-admin-robot.iam.gserviceaccount.com&Expires=1771747850&Signature=zXGYqNDPmzDuHKNAXxn62RVNwlMsUouRo%2FoB74y7bX4XseDaXagSIe9YU3TzklAJYofl4fYp3tayBg%2FIZUhIcvoUeA4NMOu869D3NIGFmXZy1YKLHL2lF2uGG71M%2F4iHwmIB4SM8zsKrHRrHmTfWYPsucHBz1SV5SoBiu9ieUla3L6w3vj0STyX1ptF7niXDelK9it0rubqJgHjrz3LLch2usJHeZcGQsfcd0sSwMdXXigwzJwA5fX1KHo78FKfBO2GZU2UXse%2B%2F6G%2Ft%2BQ2y08BHU5xD0znEZ8NGnG%2FdpfSfiHKV0QZTSzmyyGFh9WNxL%2FuMkm%2BAspBXSMV5FhpObQ%3D%3D","environmentVariables":{"FIREBASE_CONFIG":"{\"projectId\":\"rn-learning-platform-4a0a9\",\"storageBucket\":\"rn-learning-platform-4a0a9.firebasestorage.app\"}","GCLOUD_PROJECT":"rn-learning-platform-4a0a9","EVENTARC_CLOUD_EVENT_SOURCE":"projects/rn-learning-platform-4a0a9/locations/asia-southeast1/functions/processPushNotificationQueue"},"runtime":"nodejs20","maxInstances":1,"buildEnvironmentVariables":{"GOOGLE_NODE_RUN_SCRIPTS":""},"dockerRegistry":"ARTIFACT_REGISTRY"},"versionId":"1","updateTime":"2026-02-22T07:40:51.507959216Z","buildId":"35108488-74b3-406c-af0e-384633436fd4","buildName":"projects/922885288030/locations/asia-southeast1/builds/35108488-74b3-406c-af0e-384633436fd4"}}
[debug] [2026-02-22T07:41:48.937Z] [create-default-asia-southeast1-processPushNotificationQueue] Retrying task index 0
[debug] [2026-02-22T07:41:48.937Z] Checked if tokens are valid: true, expires at: 1771747186245
[debug] [2026-02-22T07:41:48.938Z] Checked if tokens are valid: true, expires at: 1771747186245
[debug] [2026-02-22T07:41:48.938Z] >>> [apiv2][query] GET https://cloudfunctions.googleapis.com/v1/operations/cHJvamVjdHMvcm4tbGVhcm5pbmctcGxhdGZvcm0tNGEwYTkvbG9jYXRpb25zL2FzaWEtc291dGhlYXN0MS9vcGVyYXRpb25zL29wZXJhdGlvbi0xNzcxNzQ2MDUwOTQwLTY0YjY0YzVmZmEwMjEtODQxMGU3OTYtMjFlOTg2MGM [none]
[debug] [2026-02-22T07:41:49.221Z] <<< [apiv2][status] GET https://cloudfunctions.googleapis.com/v1/operations/cHJvamVjdHMvcm4tbGVhcm5pbmctcGxhdGZvcm0tNGEwYTkvbG9jYXRpb25zL2FzaWEtc291dGhlYXN0MS9vcGVyYXRpb25zL29wZXJhdGlvbi0xNzcxNzQ2MDUwOTQwLTY0YjY0YzVmZmEwMjEtODQxMGU3OTYtMjFlOTg2MGM 200
[debug] [2026-02-22T07:41:49.221Z] <<< [apiv2][body] GET https://cloudfunctions.googleapis.com/v1/operations/cHJvamVjdHMvcm4tbGVhcm5pbmctcGxhdGZvcm0tNGEwYTkvbG9jYXRpb25zL2FzaWEtc291dGhlYXN0MS9vcGVyYXRpb25zL29wZXJhdGlvbi0xNzcxNzQ2MDUwOTQwLTY0YjY0YzVmZmEwMjEtODQxMGU3OTYtMjFlOTg2MGM {"name":"operations/cHJvamVjdHMvcm4tbGVhcm5pbmctcGxhdGZvcm0tNGEwYTkvbG9jYXRpb25zL2FzaWEtc291dGhlYXN0MS9vcGVyYXRpb25zL29wZXJhdGlvbi0xNzcxNzQ2MDUwOTQwLTY0YjY0YzVmZmEwMjEtODQxMGU3OTYtMjFlOTg2MGM","metadata":{"@type":"type.googleapis.com/google.cloud.functions.v1.OperationMetadataV1","target":"projects/rn-learning-platform-4a0a9/locations/asia-southeast1/functions/processPushNotificationQueue","type":"CREATE_FUNCTION","request":{"@type":"type.googleapis.com/google.cloud.functions.v1.CloudFunction","name":"projects/rn-learning-platform-4a0a9/locations/asia-southeast1/functions/processPushNotificationQueue","eventTrigger":{"eventType":"providers/cloud.firestore/eventTypes/document.create","resource":"projects/rn-learning-platform-4a0a9/databases/(default)/documents/notification_queue/{docId}","failurePolicy":{}},"entryPoint":"processPushNotificationQueue","timeout":"60s","availableMemoryMb":256,"updateTime":"1970-01-01T00:00:00Z","labels":{"deployment-tool":"cli-firebase","firebase-functions-hash":"605153bf6c82dd5598309654f0354239157f864f"},"sourceUploadUrl":"https://storage.googleapis.com/uploads-545157360326.asia-southeast1.cloudfunctions.appspot.com/2df94903-82ca-45cf-a97e-fa3a5f3a45c1.zip?GoogleAccessId=service-922885288030@gcf-admin-robot.iam.gserviceaccount.com&Expires=1771747850&Signature=zXGYqNDPmzDuHKNAXxn62RVNwlMsUouRo%2FoB74y7bX4XseDaXagSIe9YU3TzklAJYofl4fYp3tayBg%2FIZUhIcvoUeA4NMOu869D3NIGFmXZy1YKLHL2lF2uGG71M%2F4iHwmIB4SM8zsKrHRrHmTfWYPsucHBz1SV5SoBiu9ieUla3L6w3vj0STyX1ptF7niXDelK9it0rubqJgHjrz3LLch2usJHeZcGQsfcd0sSwMdXXigwzJwA5fX1KHo78FKfBO2GZU2UXse%2B%2F6G%2Ft%2BQ2y08BHU5xD0znEZ8NGnG%2FdpfSfiHKV0QZTSzmyyGFh9WNxL%2FuMkm%2BAspBXSMV5FhpObQ%3D%3D","environmentVariables":{"FIREBASE_CONFIG":"{\"projectId\":\"rn-learning-platform-4a0a9\",\"storageBucket\":\"rn-learning-platform-4a0a9.firebasestorage.app\"}","GCLOUD_PROJECT":"rn-learning-platform-4a0a9","EVENTARC_CLOUD_EVENT_SOURCE":"projects/rn-learning-platform-4a0a9/locations/asia-southeast1/functions/processPushNotificationQueue"},"runtime":"nodejs20","maxInstances":1,"buildEnvironmentVariables":{"GOOGLE_NODE_RUN_SCRIPTS":""},"dockerRegistry":"ARTIFACT_REGISTRY"},"versionId":"1","updateTime":"2026-02-22T07:40:51.507959216Z","buildId":"35108488-74b3-406c-af0e-384633436fd4","buildName":"projects/922885288030/locations/asia-southeast1/builds/35108488-74b3-406c-af0e-384633436fd4"}}
